LexToken(ALPHABET,'alphabet',1,0)
LexToken(CURLY_BRACKET,'{',1,9)
LexToken(STR,'aaa',1,11)
LexToken(COMMA,',',1,16)
LexToken(STR,'b\\"b',1,18)
LexToken(COMMA,',',1,24)
LexToken(STR,'c\\\\c',1,26)
LexToken(COMMA,',',1,32)
LexToken(NUM,1,1,34)
LexToken(COMMA,',',1,35)
LexToken(NUM,12,1,37)
LexToken(CURLY_BRACKET,'}',1,40)
LexToken(STATES,'states',2,42)
LexToken(CURLY_BRACKET,'{',2,49)
LexToken(VARIABLE,'q0',2,51)
LexToken(COMMA,',',2,53)
LexToken(VARIABLE,'q1',2,55)
LexToken(COMMA,',',2,57)
LexToken(VARIABLE,'q2',2,59)
LexToken(CURLY_BRACKET,'}',2,62)
LexToken(TERMINAL,'terminal',3,64)
LexToken(CURLY_BRACKET,'{',3,73)
LexToken(VARIABLE,'q1',3,75)
LexToken(COMMA,',',3,77)
LexToken(VARIABLE,'q2',3,79)
LexToken(CURLY_BRACKET,'}',3,82)
LexToken(STATE,'state',4,84)
LexToken(VARIABLE,'q1',4,90)
LexToken(CURLY_BRACKET,'{',4,93)
LexToken(STR,'description',4,95)
LexToken(CURLY_BRACKET,'}',4,109)
LexToken(COMMENT,'//comment',4,111)
LexToken(VARIABLE,'q0',5,121)
LexToken(ARROW,'--->',5,124)
LexToken(VARIABLE,'q1',5,129)
LexToken(SQUARE_BRACKET,'[',5,132)
LexToken(STR,'aaa',5,134)
LexToken(COMMA,',',5,139)
LexToken(NUM,12,5,141)
LexToken(SQUARE_BRACKET,']',5,144)
LexToken(VARIABLE,'q0',6,146)
LexToken(ARROW,'--->',6,149)
LexToken(VARIABLE,'q2',6,154)
LexToken(SQUARE_BRACKET,'[',6,157)
LexToken(STR,'b\\"b',6,159)
LexToken(SQUARE_BRACKET,']',6,166)
LexToken(VARIABLE,'q1',7,168)
LexToken(ARROW,'--->',7,171)
LexToken(VARIABLE,'q2',7,176)
LexToken(SQUARE_BRACKET,'[',7,179)
LexToken(NUM,1,7,181)
LexToken(SQUARE_BRACKET,']',7,183)
LexToken(VARIABLE,'q2',8,185)
LexToken(ARROW,'--->',8,188)
LexToken(VARIABLE,'q1',8,193)
LexToken(SQUARE_BRACKET,'[',8,196)
LexToken(STR,'c\\\\c',8,198)
LexToken(SQUARE_BRACKET,']',8,205)
