LexToken(ALPHABET,'alphabet',1,0)
LexToken(CURLY_BRACKET,'{',1,9)
LexToken(STR,'←',1,11)
LexToken(COMMA,',',1,14)
LexToken(STR,'→',1,16)
LexToken(COMMA,',',1,19)
LexToken(STR,'↑',1,21)
LexToken(COMMA,',',1,24)
LexToken(STR,'↓',1,26)
LexToken(CURLY_BRACKET,'}',1,30)
LexToken(STATES,'states',2,32)
LexToken(CURLY_BRACKET,'{',2,39)
LexToken(VARIABLE,'q0',2,41)
LexToken(COMMA,',',2,43)
LexToken(VARIABLE,'q1',2,46)
LexToken(COMMA,',',2,48)
LexToken(VARIABLE,'q2',2,50)
LexToken(COMMA,',',2,52)
LexToken(VARIABLE,'q3',2,54)
LexToken(COMMA,',',2,56)
LexToken(VARIABLE,'q4',2,58)
LexToken(CURLY_BRACKET,'}',2,60)
LexToken(TERMINAL,'terminal',3,62)
LexToken(CURLY_BRACKET,'{',3,71)
LexToken(VARIABLE,'q3',3,73)
LexToken(CURLY_BRACKET,'}',3,76)
LexToken(STATE,'state',4,78)
LexToken(VARIABLE,'q1',4,84)
LexToken(CURLY_BRACKET,'{',4,87)
LexToken(STR,'одна → подряд',4,89)
LexToken(CURLY_BRACKET,'}',4,105)
LexToken(STATE,'state',5,107)
LexToken(VARIABLE,'q2',5,113)
LexToken(CURLY_BRACKET,'{',5,116)
LexToken(STR,'две → подряд',5,118)
LexToken(CURLY_BRACKET,'}',5,133)
LexToken(STATE,'state',6,135)
LexToken(VARIABLE,'q3',6,141)
LexToken(CURLY_BRACKET,'{',6,144)
LexToken(STR,'две → и одна ↑ подряд найдены - нашли полянку',6,146)
LexToken(CURLY_BRACKET,'}',6,194)
LexToken(STATE,'state',7,196)
LexToken(VARIABLE,'q4',7,202)
LexToken(CURLY_BRACKET,'{',7,205)
LexToken(STR,'ноль → подряд',7,207)
LexToken(CURLY_BRACKET,'}',7,223)
LexToken(VARIABLE,'q0',8,225)
LexToken(ARROW,'--->',8,228)
LexToken(VARIABLE,'q1',8,233)
LexToken(SQUARE_BRACKET,'[',8,236)
LexToken(STR,'→',8,238)
LexToken(SQUARE_BRACKET,']',8,242)
LexToken(VARIABLE,'q0',9,244)
LexToken(ARROW,'--->',9,247)
LexToken(VARIABLE,'q4',9,252)
LexToken(SQUARE_BRACKET,'[',9,255)
LexToken(STR,'←',9,257)
LexToken(COMMA,',',9,260)
LexToken(STR,'↑',9,262)
LexToken(COMMA,',',9,265)
LexToken(STR,'↓',9,267)
LexToken(SQUARE_BRACKET,']',9,271)
LexToken(VARIABLE,'q1',10,273)
LexToken(ARROW,'--->',10,276)
LexToken(VARIABLE,'q2',10,281)
LexToken(SQUARE_BRACKET,'[',10,284)
LexToken(STR,'→',10,286)
LexToken(SQUARE_BRACKET,']',10,290)
LexToken(VARIABLE,'q1',11,292)
LexToken(ARROW,'--->',11,295)
LexToken(VARIABLE,'q4',11,300)
LexToken(SQUARE_BRACKET,'[',11,303)
LexToken(STR,'←',11,305)
LexToken(COMMA,',',11,308)
LexToken(STR,'↑',11,310)
LexToken(COMMA,',',11,313)
LexToken(STR,'↓',11,315)
LexToken(SQUARE_BRACKET,']',11,319)
LexToken(VARIABLE,'q2',12,321)
LexToken(ARROW,'--->',12,324)
LexToken(VARIABLE,'q2',12,329)
LexToken(SQUARE_BRACKET,'[',12,332)
LexToken(STR,'→',12,334)
LexToken(SQUARE_BRACKET,']',12,338)
LexToken(VARIABLE,'q2',13,340)
LexToken(ARROW,'--->',13,343)
LexToken(VARIABLE,'q3',13,348)
LexToken(SQUARE_BRACKET,'[',13,351)
LexToken(STR,'↑',13,353)
LexToken(SQUARE_BRACKET,']',13,357)
LexToken(VARIABLE,'q2',14,359)
LexToken(ARROW,'--->',14,362)
LexToken(VARIABLE,'q4',14,367)
LexToken(SQUARE_BRACKET,'[',14,370)
LexToken(STR,'←',14,372)
LexToken(COMMA,',',14,375)
LexToken(STR,'↓',14,377)
LexToken(SQUARE_BRACKET,']',14,381)
LexToken(VARIABLE,'q3',15,383)
LexToken(ARROW,'--->',15,386)
LexToken(VARIABLE,'q3',15,391)
LexToken(SQUARE_BRACKET,'[',15,394)
LexToken(STR,'←',15,396)
LexToken(COMMA,',',15,399)
LexToken(STR,'→',15,401)
LexToken(COMMA,',',15,404)
LexToken(STR,'↑',15,406)
LexToken(COMMA,',',15,409)
LexToken(STR,'↓',15,411)
LexToken(SQUARE_BRACKET,']',15,415)
LexToken(VARIABLE,'q4',16,417)
LexToken(ARROW,'--->',16,420)
LexToken(VARIABLE,'q1',16,425)
LexToken(SQUARE_BRACKET,'[',16,428)
LexToken(STR,'→',16,430)
LexToken(SQUARE_BRACKET,']',16,434)
LexToken(VARIABLE,'q4',17,436)
LexToken(ARROW,'--->',17,439)
LexToken(VARIABLE,'q4',17,444)
LexToken(SQUARE_BRACKET,'[',17,447)
LexToken(STR,'←',17,449)
LexToken(COMMA,',',17,452)
LexToken(STR,'↑',17,454)
LexToken(COMMA,',',17,457)
LexToken(STR,'↓',17,459)
LexToken(SQUARE_BRACKET,']',17,463)
