LexToken(ALPHABET,'alphabet',1,0)
LexToken(CURLY_BRACKET,'{',1,9)
LexToken(STR,'a',1,11)
LexToken(COMMA,',',1,14)
LexToken(STR,'b',1,16)
LexToken(COMMA,',',1,19)
LexToken(STR,'c',1,21)
LexToken(COMMA,',',1,24)
LexToken(STR,'d',1,26)
LexToken(COMMA,',',1,29)
LexToken(STR,'!',1,31)
LexToken(COMMA,',',1,34)
LexToken(STR,'?',1,36)
LexToken(CURLY_BRACKET,'}',1,40)
LexToken(STATES,'states',2,42)
LexToken(CURLY_BRACKET,'{',2,49)
LexToken(VARIABLE,'q0',2,51)
LexToken(COMMA,',',2,53)
LexToken(VARIABLE,'q1',2,55)
LexToken(COMMA,',',2,57)
LexToken(VARIABLE,'q2',2,59)
LexToken(COMMA,',',2,61)
LexToken(VARIABLE,'q3',2,63)
LexToken(CURLY_BRACKET,'}',2,66)
LexToken(TERMINAL,'terminal',3,68)
LexToken(CURLY_BRACKET,'{',3,77)
LexToken(VARIABLE,'q1',3,79)
LexToken(COMMA,',',3,81)
LexToken(VARIABLE,'q2',3,83)
LexToken(CURLY_BRACKET,'}',3,86)
LexToken(STATE,'state',4,88)
LexToken(VARIABLE,'q1',4,94)
LexToken(CURLY_BRACKET,'{',4,97)
LexToken(STR,'есть ?',4,99)
LexToken(CURLY_BRACKET,'}',4,108)
LexToken(STATE,'state',5,110)
LexToken(VARIABLE,'q2',5,116)
LexToken(CURLY_BRACKET,'{',5,119)
LexToken(STR,'на конце !',5,121)
LexToken(CURLY_BRACKET,'}',5,134)
LexToken(VARIABLE,'q0',6,136)
LexToken(ARROW,'--->',6,139)
LexToken(VARIABLE,'q1',6,144)
LexToken(SQUARE_BRACKET,'[',6,147)
LexToken(STR,'?',6,149)
LexToken(SQUARE_BRACKET,']',6,153)
LexToken(VARIABLE,'q0',7,155)
LexToken(ARROW,'--->',7,158)
LexToken(VARIABLE,'q2',7,163)
LexToken(SQUARE_BRACKET,'[',7,166)
LexToken(STR,'!',7,168)
LexToken(SQUARE_BRACKET,']',7,172)
LexToken(VARIABLE,'q0',8,174)
LexToken(ARROW,'--->',8,177)
LexToken(VARIABLE,'q3',8,182)
LexToken(SQUARE_BRACKET,'[',8,185)
LexToken(STR,'a',8,187)
LexToken(COMMA,',',8,190)
LexToken(STR,'b',8,192)
LexToken(COMMA,',',8,195)
LexToken(STR,'c',8,197)
LexToken(COMMA,',',8,200)
LexToken(STR,'d',8,202)
LexToken(SQUARE_BRACKET,']',8,206)
LexToken(VARIABLE,'q1',9,208)
LexToken(ARROW,'--->',9,211)
LexToken(VARIABLE,'q1',9,216)
LexToken(SQUARE_BRACKET,'[',9,219)
LexToken(STR,'a',9,221)
LexToken(COMMA,',',9,224)
LexToken(STR,'b',9,226)
LexToken(COMMA,',',9,229)
LexToken(STR,'c',9,231)
LexToken(COMMA,',',9,234)
LexToken(STR,'d',9,236)
LexToken(COMMA,',',9,239)
LexToken(STR,'!',9,241)
LexToken(COMMA,',',9,244)
LexToken(STR,'?',9,246)
LexToken(SQUARE_BRACKET,']',9,250)
LexToken(VARIABLE,'q2',10,252)
LexToken(ARROW,'--->',10,255)
LexToken(VARIABLE,'q1',10,260)
LexToken(SQUARE_BRACKET,'[',10,263)
LexToken(STR,'?',10,265)
LexToken(SQUARE_BRACKET,']',10,269)
LexToken(VARIABLE,'q2',11,271)
LexToken(ARROW,'--->',11,274)
LexToken(VARIABLE,'q2',11,279)
LexToken(SQUARE_BRACKET,'[',11,282)
LexToken(STR,'!',11,284)
LexToken(SQUARE_BRACKET,']',11,288)
LexToken(VARIABLE,'q2',12,290)
LexToken(ARROW,'--->',12,293)
LexToken(VARIABLE,'q3',12,298)
LexToken(SQUARE_BRACKET,'[',12,301)
LexToken(STR,'a',12,303)
LexToken(COMMA,',',12,306)
LexToken(STR,'b',12,308)
LexToken(COMMA,',',12,311)
LexToken(STR,'c',12,313)
LexToken(COMMA,',',12,316)
LexToken(STR,'d',12,318)
LexToken(SQUARE_BRACKET,']',12,322)
LexToken(VARIABLE,'q3',13,324)
LexToken(ARROW,'--->',13,327)
LexToken(VARIABLE,'q1',13,332)
LexToken(SQUARE_BRACKET,'[',13,335)
LexToken(STR,'?',13,337)
LexToken(SQUARE_BRACKET,']',13,341)
LexToken(VARIABLE,'q3',14,343)
LexToken(ARROW,'--->',14,346)
LexToken(VARIABLE,'q2',14,351)
LexToken(SQUARE_BRACKET,'[',14,354)
LexToken(STR,'!',14,356)
LexToken(SQUARE_BRACKET,']',14,360)
LexToken(VARIABLE,'q3',15,362)
LexToken(ARROW,'--->',15,365)
LexToken(VARIABLE,'q3',15,370)
LexToken(SQUARE_BRACKET,'[',15,373)
LexToken(STR,'a',15,374)
LexToken(COMMA,',',15,377)
LexToken(STR,'b',15,379)
LexToken(COMMA,',',15,382)
LexToken(STR,'c',15,384)
LexToken(COMMA,',',15,387)
LexToken(STR,'d',15,389)
LexToken(SQUARE_BRACKET,']',15,393)
