LexToken(NUM,2,1,0)
LexToken(BACKSLASH,'\\',1,2)
LexToken(NUM,1,2,4)
LexToken(DASH,'-',2,6)
LexToken(NUM,0,2,8)
LexToken(BACKSLASH,'\\',2,10)
LexToken(NUM,2,3,12)
LexToken(DASH,'-',3,14)
LexToken(NUM,1,3,16)
LexToken(BACKSLASH,'\\',3,18)
LexToken(NUM,3,4,20)
LexToken(DASH,'-',4,22)
LexToken(NUM,3,4,24)
LexToken(BACKSLASH,'\\',4,26)
LexToken(NUM,1,5,28)
LexToken(ARROW,'->',5,30)
LexToken(NUM,1,5,33)
LexToken(COLON,':',5,35)
LexToken(STR,'дед мороз',5,37)
LexToken(COMMA,',',5,48)
LexToken(STR,'-',5,50)
LexToken(COMMA,',',5,53)
LexToken(STR,'->',5,55)
LexToken(BACKSLASH,'\\',5,60)
LexToken(NUM,1,6,62)
LexToken(ARROW,'->',6,64)
LexToken(NUM,2,6,67)
LexToken(COLON,':',6,69)
LexToken(STR,'северный',6,71)
LexToken(BACKSLASH,'\\',6,82)
LexToken(NUM,2,7,84)
LexToken(ARROW,'->',7,86)
LexToken(NUM,2,7,89)
LexToken(COLON,':',7,91)
LexToken(STR,'дед мороз',7,93)
LexToken(COMMA,',',7,104)
LexToken(STR,'\\"',7,106)
LexToken(COMMA,',',7,110)
LexToken(STR,'\\\\',7,112)
LexToken(BACKSLASH,'\\',7,117)
LexToken(NUM,2,8,119)
LexToken(ARROW,'->',8,121)
LexToken(NUM,3,8,124)
LexToken(COLON,':',8,126)
LexToken(STR,'олень',8,128)
LexToken(BACKSLASH,'\\',8,136)
LexToken(NUM,3,9,138)
LexToken(ARROW,'->',9,140)
LexToken(NUM,3,9,143)
LexToken(COLON,':',9,145)
LexToken(STR,'дед мороз',9,147)
LexToken(COMMA,',',9,158)
LexToken(STR,'\\"',9,160)
LexToken(COMMA,',',9,164)
LexToken(STR,'\\\\',9,166)
LexToken(BACKSLASH,'\\',9,171)
