LexToken(ALPH,'Alph',1,0)
LexToken(EQ,'=',1,5)
LexToken(LETTER,'"0"',1,7)
LexToken(LETTER,'"1"',1,11)
LexToken(STATES,'States',2,15)
LexToken(EQ,'=',2,22)
LexToken(VERTEX_NUM,'2',2,24)
LexToken(STARTSTATE,'Start_state',3,26)
LexToken(EQ,'=',3,38)
LexToken(VERTEX_NUM,'0',3,40)
LexToken(ACCEPTSTATES,'Accept_states',4,42)
LexToken(EQ,'=',4,56)
LexToken(VERTEX_NUM,'1',4,58)
LexToken(TRANSITS,'Transits',5,60)
LexToken(EQ,'=',5,69)
LexToken(ROUND_BRACKET_OPENED,'(',5,71)
LexToken(BEGIN_EDGE,'0',5,72)
LexToken(COMMA,',',5,73)
LexToken(END_EDGE,'1',5,75)
LexToken(COMMA,',',5,76)
LexToken(LETTER,'"0"',5,78)
LexToken(LETTER,'"1"',5,82)
LexToken(ROUND_BRACKET_CLOSED,')',5,85)
LexToken(ROUND_BRACKET_OPENED,'(',5,87)
LexToken(BEGIN_EDGE,'1',5,88)
LexToken(COMMA,',',5,89)
LexToken(END_EDGE,'0',5,91)
LexToken(COMMA,',',5,92)
LexToken(LETTER,'"0"',5,94)
LexToken(LETTER,'"1"',5,98)
LexToken(ROUND_BRACKET_CLOSED,')',5,101)
