LexToken(OPEN_BRACKET_SQUARE,'[',1,0)
LexToken(WORD,'30~30',1,1)
LexToken(CLOSE_BRACKET_SQUARE,']',1,6)
LexToken(OPEN_BRACKET_SQUARE,'[',1,8)
LexToken(WORD,'31~31',1,9)
LexToken(CLOSE_BRACKET_SQUARE,']',1,14)
LexToken(OPEN_BRACKET_SQUARE,'[',1,16)
LexToken(WORD,'32~32',1,17)
LexToken(CLOSE_BRACKET_SQUARE,']',1,22)
LexToken(OPEN_BRACKET_SQUARE,'[',1,24)
LexToken(WORD,'33~33',1,25)
LexToken(CLOSE_BRACKET_SQUARE,']',1,30)
LexToken(OPEN_BRACKET_SQUARE,'[',1,32)
LexToken(WORD,'34~34',1,33)
LexToken(CLOSE_BRACKET_SQUARE,']',1,38)
LexToken(OPEN_BRACKET_SQUARE,'[',1,40)
LexToken(WORD,'35~35',1,41)
LexToken(CLOSE_BRACKET_SQUARE,']',1,46)
LexToken(OPEN_BRACKET_SQUARE,'[',1,48)
LexToken(WORD,'36~36',1,49)
LexToken(CLOSE_BRACKET_SQUARE,']',1,54)
LexToken(OPEN_BRACKET_SQUARE,'[',1,56)
LexToken(WORD,'37~37',1,57)
LexToken(CLOSE_BRACKET_SQUARE,']',1,62)
LexToken(OPEN_BRACKET_SQUARE,'[',1,64)
LexToken(WORD,'38~38',1,65)
LexToken(CLOSE_BRACKET_SQUARE,']',1,70)
LexToken(OPEN_BRACKET_SQUARE,'[',1,72)
LexToken(WORD,'39~39',1,73)
LexToken(CLOSE_BRACKET_SQUARE,']',1,78)
LexToken(START,'start',2,80)
LexToken(VERTEX_NAME,'q0',2,86)
LexToken(TERMINAL,'terminal',3,89)
LexToken(VERTEX_NAME,'q1',3,98)
LexToken(TRANSITION,'transition',4,101)
LexToken(OPEN_BRACKET_ROUND,'(',4,112)
LexToken(VERTEX_NAME,'q0',4,113)
LexToken(ARROW,'->',4,116)
LexToken(VERTEX_NAME,'s0',4,119)
LexToken(COMMA,',',4,121)
LexToken(OPEN_BRACKET_FIGURE,'{',4,123)
LexToken(WORD,'30~30',4,124)
LexToken(CLOSE_BRACKET_FIGURE,'}',4,129)
LexToken(CLOSE_BRACKET_ROUND,')',4,130)
LexToken(TRANSITION,'transition',5,132)
LexToken(OPEN_BRACKET_ROUND,'(',5,143)
LexToken(VERTEX_NAME,'s0',5,144)
LexToken(ARROW,'->',5,147)
LexToken(VERTEX_NAME,'s0',5,150)
LexToken(COMMA,',',5,152)
LexToken(OPEN_BRACKET_FIGURE,'{',5,154)
LexToken(WORD,'30~30',5,155)
LexToken(COMMA,',',5,160)
LexToken(WORD,'31~31',5,161)
LexToken(COMMA,',',5,166)
LexToken(WORD,'32~32',5,167)
LexToken(COMMA,',',5,172)
LexToken(WORD,'33~33',5,173)
LexToken(COMMA,',',5,178)
LexToken(WORD,'34~34',5,179)
LexToken(COMMA,',',5,184)
LexToken(WORD,'35~35',5,185)
LexToken(COMMA,',',5,190)
LexToken(WORD,'36~36',5,191)
LexToken(COMMA,',',5,196)
LexToken(WORD,'37~37',5,197)
LexToken(COMMA,',',5,202)
LexToken(WORD,'38~38',5,203)
LexToken(COMMA,',',5,208)
LexToken(WORD,'39~39',5,209)
LexToken(CLOSE_BRACKET_FIGURE,'}',5,214)
LexToken(CLOSE_BRACKET_ROUND,')',5,215)
LexToken(TRANSITION,'transition',6,217)
LexToken(OPEN_BRACKET_ROUND,'(',6,228)
LexToken(VERTEX_NAME,'q0',6,229)
LexToken(ARROW,'->',6,232)
LexToken(VERTEX_NAME,'q1',6,235)
LexToken(COMMA,',',6,237)
LexToken(OPEN_BRACKET_FIGURE,'{',6,239)
LexToken(WORD,'31~31',6,240)
LexToken(COMMA,',',6,245)
LexToken(WORD,'32~32',6,246)
LexToken(COMMA,',',6,251)
LexToken(WORD,'33~33',6,252)
LexToken(COMMA,',',6,257)
LexToken(WORD,'34~34',6,258)
LexToken(COMMA,',',6,263)
LexToken(WORD,'35~35',6,264)
LexToken(COMMA,',',6,269)
LexToken(WORD,'36~36',6,270)
LexToken(COMMA,',',6,275)
LexToken(WORD,'37~37',6,276)
LexToken(COMMA,',',6,281)
LexToken(WORD,'38~38',6,282)
LexToken(COMMA,',',6,287)
LexToken(WORD,'39~39',6,288)
LexToken(CLOSE_BRACKET_FIGURE,'}',6,293)
LexToken(CLOSE_BRACKET_ROUND,')',6,294)
LexToken(TRANSITION,'transition',7,296)
LexToken(OPEN_BRACKET_ROUND,'(',7,307)
LexToken(VERTEX_NAME,'q1',7,308)
LexToken(ARROW,'->',7,311)
LexToken(VERTEX_NAME,'q1',7,314)
LexToken(COMMA,',',7,316)
LexToken(OPEN_BRACKET_FIGURE,'{',7,318)
LexToken(WORD,'30~30',7,319)
LexToken(COMMA,',',7,324)
LexToken(WORD,'31~31',7,325)
LexToken(COMMA,',',7,330)
LexToken(WORD,'32~32',7,331)
LexToken(COMMA,',',7,336)
LexToken(WORD,'33~33',7,337)
LexToken(COMMA,',',7,342)
LexToken(WORD,'34~34',7,343)
LexToken(COMMA,',',7,348)
LexToken(WORD,'35~35',7,349)
LexToken(COMMA,',',7,354)
LexToken(WORD,'36~36',7,355)
LexToken(COMMA,',',7,360)
LexToken(WORD,'37~37',7,361)
LexToken(COMMA,',',7,366)
LexToken(WORD,'38~38',7,367)
LexToken(COMMA,',',7,372)
LexToken(WORD,'39~39',7,373)
LexToken(CLOSE_BRACKET_FIGURE,'}',7,378)
LexToken(CLOSE_BRACKET_ROUND,')',7,379)
