LexToken(SIGMA,'Sigma',1,0)
LexToken(COLON,':',1,6)
LexToken(NUM,0,1,8)
LexToken(COMMA,',',1,9)
LexToken(NUM,1,1,11)
LexToken(STATES,'Q',2,13)
LexToken(COLON,':',2,15)
LexToken(ID,'a',2,17)
LexToken(COMMA,',',2,18)
LexToken(ID,'b',2,20)
LexToken(COMMA,',',2,21)
LexToken(ID,'c',2,23)
LexToken(COMMA,',',2,24)
LexToken(ID,'d',2,26)
LexToken(START_STATE,'q0',3,28)
LexToken(COLON,':',3,31)
LexToken(ID,'a',3,33)
LexToken(TERMINAL,'T',4,35)
LexToken(COLON,':',4,37)
LexToken(ID,'d',4,39)
LexToken(DELTA,'delta',5,41)
LexToken(COLON,':',5,47)
LexToken(OPEN_BR,'(',5,49)
LexToken(ID,'a',5,50)
LexToken(DASH,'--',5,52)
LexToken(ID,'b',5,55)
LexToken(COMMA,',',5,56)
LexToken(NUM,0,5,58)
LexToken(CLOSED_BR,')',5,59)
LexToken(COMMA,',',5,60)
LexToken(OPEN_BR,'(',5,62)
LexToken(ID,'b',5,63)
LexToken(DASH,'--',5,65)
LexToken(ID,'c',5,68)
LexToken(COMMA,',',5,69)
LexToken(NUM,1,5,71)
LexToken(CLOSED_BR,')',5,72)
LexToken(COMMA,',',5,73)
LexToken(OPEN_BR,'(',5,75)
LexToken(ID,'c',5,76)
LexToken(DASH,'--',5,78)
LexToken(ID,'d',5,81)
LexToken(COMMA,',',5,82)
LexToken(NUM,0,5,84)
LexToken(CLOSED_BR,')',5,85)
LexToken(COMMA,',',5,86)
LexToken(OPEN_BR,'(',5,88)
LexToken(ID,'a',5,89)
LexToken(DASH,'--',5,91)
LexToken(ID,'c',5,94)
LexToken(COMMA,',',5,95)
LexToken(NUM,1,5,97)
LexToken(CLOSED_BR,')',5,98)
