LexToken(AMOUNT_VERTEX,'2',1,0)
LexToken(CLOSE_BRACKET_FIGURE,'}',1,2)
LexToken(VERTEX_NAME,'q0',2,4)
LexToken(CLOSE_BRACKET_SQUARE,']',2,7)
LexToken(ARROW,'->',2,9)
LexToken(VERTEX_CONDITION,'0',2,12)
LexToken(VERTEX_NAME,'q1',3,14)
LexToken(CLOSE_BRACKET_SQUARE,']',3,17)
LexToken(ARROW,'->',3,19)
LexToken(VERTEX_CONDITION,'3',3,22)
LexToken(FROM_EDGE,'q0',4,24)
LexToken(COMMA,',',4,26)
LexToken(TO_EDGE,'q1',4,27)
LexToken(COLON,':',4,30)
LexToken(OKTOTORB,'#',4,32)
LexToken(LETTER,'hello_my_name\\#_dudelka',4,33)
LexToken(OKTOTORB,'#',4,56)
LexToken(OKTOTORB,'#',4,58)
LexToken(LETTER,'dudushka',4,59)
LexToken(OKTOTORB,'#',4,67)
LexToken(OKTOTORB,'#',4,69)
LexToken(LETTER,'podushka',4,70)
LexToken(OKTOTORB,'#',4,78)
