LexToken(AMOUNT_VERTEX,'3',1,0)
LexToken(CLOSE_BRACKET_FIGURE,'}',1,2)
LexToken(VERTEX_NAME,'123',2,5)
LexToken(CLOSE_BRACKET_SQUARE,']',2,9)
LexToken(ARROW,'->',2,11)
LexToken(VERTEX_CONDITION,'0',2,14)
LexToken(BRACKET_VERTICAL,'|',2,16)
LexToken(VERTEX_NAME,'aaa',3,18)
LexToken(CLOSE_BRACKET_SQUARE,']',3,22)
LexToken(ARROW,'->',3,24)
LexToken(VERTEX_CONDITION,'2',3,27)
LexToken(BRACKET_VERTICAL,'|',3,29)
LexToken(VERTEX_NAME,'abb',4,31)
LexToken(CLOSE_BRACKET_SQUARE,']',4,35)
LexToken(ARROW,'->',4,37)
LexToken(VERTEX_CONDITION,'3',4,40)
LexToken(BRACKET_VERTICAL,'|',4,42)
LexToken(FROM_EDGE,'123',5,44)
LexToken(COMMA,',',5,47)
LexToken(TO_EDGE,'aaa',5,48)
LexToken(COLON,':',5,52)
LexToken(LETTER,'a',5,54)
LexToken(DOLLAR,'$',5,55)
LexToken(LETTER,'b',5,57)
LexToken(DOLLAR,'$',5,58)
LexToken(FROM_EDGE,'abb',6,60)
LexToken(COMMA,',',6,63)
LexToken(TO_EDGE,'123',6,64)
LexToken(COLON,':',6,68)
LexToken(LETTER,'abc',6,70)
LexToken(DOLLAR,'$',6,73)
LexToken(LETTER,'kdfjd',6,75)
LexToken(DOLLAR,'$',6,80)
