LexToken(OPEN_BRACKET,'(',1,0)
LexToken(COMMA,',',1,1)
LexToken(WORD,',',1,3)
LexToken(COMMA,',',1,6)
LexToken(WORD,',|',1,8)
LexToken(COMMA,',',1,12)
LexToken(WORD,',)',1,14)
LexToken(COMMA,',',1,18)
LexToken(WORD,',(',1,20)
LexToken(VERTICAL_LINE,'|',1,25)
LexToken(NUM,0,1,27)
LexToken(COMMA,',',1,28)
LexToken(NUM,2,1,30)
LexToken(COMMA,',',1,31)
LexToken(NUM,2,1,33)
LexToken(COMMA,',',1,34)
LexToken(NUM,2,1,36)
LexToken(COMMA,',',1,37)
LexToken(NUM,-1,1,39)
LexToken(VERTICAL_LINE,'|',1,42)
LexToken(NUM,1,1,44)
LexToken(COMMA,',',1,45)
LexToken(NUM,-1,1,47)
LexToken(COMMA,',',1,49)
LexToken(NUM,-1,1,51)
LexToken(COMMA,',',1,53)
LexToken(NUM,-1,1,55)
LexToken(COMMA,',',1,57)
LexToken(NUM,-1,1,59)
LexToken(CLOSE_BRACKET,')',1,61)
