LexToken(QUOTES,'"',1,0)
LexToken(NUM,0,1,1)
LexToken(QUOTES,'"',1,2)
LexToken(ARROW,'->',1,4)
LexToken(NUM,1,1,7)
Illegal character ','
LexToken(QUOTES,'"',1,10)
LexToken(NUM,1,1,11)
LexToken(QUOTES,'"',1,12)
LexToken(ARROW,'->',1,14)
LexToken(NUM,2,1,17)
LexToken(NUM,0,3,20)
Illegal character ','
LexToken(NUM,1,3,23)
LexToken(NUM,0,5,26)
LexToken(POINT,'.',5,27)
LexToken(NUM,2,5,28)
LexToken(POINT,'.',5,29)
LexToken(NUM,1,5,30)
LexToken(POINT,'.',5,31)
LexToken(SHARP,'#',5,32)
LexToken(POINT,'.',5,33)
