LexToken(QUOTES,'"',1,0)
LexToken(NUM,0,1,1)
LexToken(QUOTES,'"',1,2)
LexToken(ARROW,'->',1,4)
LexToken(NUM,1,1,7)
Illegal character ','
LexToken(QUOTES,'"',1,10)
LexToken(NUM,1,1,11)
LexToken(QUOTES,'"',1,12)
LexToken(ARROW,'->',1,14)
LexToken(NUM,2,1,17)
LexToken(NUM,0,3,20)
LexToken(NUM,0,5,23)
LexToken(POINT,'.',5,24)
LexToken(NUM,2,5,25)
LexToken(POINT,'.',5,26)
LexToken(NUM,1,5,27)
LexToken(POINT,'.',5,28)
LexToken(SHARP,'#',5,29)
LexToken(POINT,'.',5,30)
LexToken(NUM,0,6,32)
LexToken(POINT,'.',6,33)
LexToken(NUM,1,6,34)
LexToken(POINT,'.',6,35)
LexToken(NUM,3,6,36)
LexToken(POINT,'.',6,37)
LexToken(SHARP,'#',6,38)
LexToken(POINT,'.',6,39)
LexToken(NUM,1,7,41)
LexToken(POINT,'.',7,42)
LexToken(NUM,2,7,43)
LexToken(POINT,'.',7,44)
LexToken(NUM,3,7,45)
LexToken(POINT,'.',7,46)
LexToken(SHARP,'#',7,47)
LexToken(POINT,'.',7,48)
LexToken(NUM,3,8,50)
LexToken(POINT,'.',8,51)
LexToken(NUM,1,8,52)
LexToken(POINT,'.',8,53)
LexToken(NUM,3,8,54)
LexToken(POINT,'.',8,55)
LexToken(SHARP,'#',8,56)
LexToken(POINT,'.',8,57)
LexToken(NUM,3,9,59)
LexToken(POINT,'.',9,60)
LexToken(NUM,2,9,61)
LexToken(POINT,'.',9,62)
LexToken(NUM,3,9,63)
LexToken(POINT,'.',9,64)
LexToken(SHARP,'#',9,65)
LexToken(POINT,'.',9,66)
LexToken(NUM,1,10,68)
LexToken(POINT,'.',10,69)
LexToken(NUM,1,10,70)
LexToken(POINT,'.',10,71)
LexToken(NUM,2,10,72)
LexToken(POINT,'.',10,73)
LexToken(DOLLAR,'$',10,74)
LexToken(POINT,'.',10,75)
LexToken(NUM,2,11,77)
LexToken(POINT,'.',11,78)
LexToken(NUM,1,11,79)
LexToken(POINT,'.',11,80)
LexToken(NUM,3,11,81)
LexToken(POINT,'.',11,82)
LexToken(SHARP,'#',11,83)
LexToken(POINT,'.',11,84)
LexToken(NUM,2,12,86)
LexToken(POINT,'.',12,87)
LexToken(NUM,2,12,88)
LexToken(POINT,'.',12,89)
LexToken(NUM,3,12,90)
LexToken(POINT,'.',12,91)
LexToken(SHARP,'#',12,92)
LexToken(POINT,'.',12,93)
