LexToken(EDGE,'"edge 1"',1,0)
LexToken(EDGE,'"edge 2"',2,9)
LexToken(SEP,',',2,17)
LexToken(EDGE,'"edge 3"',3,19)
LexToken(EDGE,'"edge 4"',4,28)
LexToken(EDGE,'"edge 5"',5,37)
LexToken(VERTEX,'Q0',6,46)
LexToken(COLON,':',6,49)
LexToken(NUM,'3',6,51)
LexToken(ARROW,'->',6,53)
LexToken(VERTEX,'Q5',6,56)
LexToken(SEP,',',6,58)
LexToken(NUM,'2',6,60)
LexToken(ARROW,'->',6,62)
LexToken(VERTEX,'Q2',6,65)
LexToken(SEMICOLON,';',6,67)
LexToken(NUM,'1',6,69)
LexToken(ARROW,'->',6,71)
LexToken(VERTEX,'Q3',6,74)
LexToken(SEMICOLON,';',6,76)
LexToken(VERTEX,'Q0',7,78)
LexToken(COLON,':',7,81)
LexToken(NUM,'3',7,83)
LexToken(ARROW,'->',7,85)
LexToken(VERTEX,'Q5',7,88)
LexToken(SEMICOLON,';',7,90)
LexToken(NUM,'2',7,92)
LexToken(ARROW,'->',7,94)
LexToken(VERTEX,'Q2',7,97)
LexToken(SEP,',',7,99)
LexToken(SEP,',',7,100)
LexToken(SEMICOLON,';',7,101)
LexToken(NUM,'1',7,103)
LexToken(ARROW,'->',7,105)
LexToken(VERTEX,'Q3',7,108)
LexToken(SEMICOLON,';',7,110)
LexToken(VERTEX,'Q0',8,112)
LexToken(COLON,':',8,115)
LexToken(NUM,'3',8,117)
LexToken(ARROW,'->',8,119)
LexToken(VERTEX,'Q5',8,122)
LexToken(SEMICOLON,';',8,124)
LexToken(NUM,'2',8,126)
LexToken(ARROW,'->',8,128)
LexToken(TERMINAL,'T2',8,131)
LexToken(SEMICOLON,';',8,133)
LexToken(NUM,'1',8,135)
LexToken(ARROW,'->',8,137)
LexToken(VERTEX,'Q3',8,140)
