LexToken(ALPHABET,'Alphabet',1,0)
LexToken(COLON,':',1,8)
LexToken(NUM,10,1,10)
LexToken(DASH,'--',1,13)
LexToken(OPARENTHESES,'(',1,16)
LexToken(SYMBOL,'1',1,17)
LexToken(APOSTROPHE,',',1,20)
LexToken(SYMBOL,'2',1,22)
LexToken(APOSTROPHE,',',1,25)
LexToken(SYMBOL,'3',1,27)
LexToken(APOSTROPHE,',',1,30)
LexToken(SYMBOL,'4',1,32)
LexToken(APOSTROPHE,',',1,35)
LexToken(SYMBOL,'5',1,37)
LexToken(APOSTROPHE,',',1,40)
LexToken(SYMBOL,'6',1,42)
LexToken(APOSTROPHE,',',1,45)
LexToken(SYMBOL,'7',1,47)
LexToken(APOSTROPHE,',',1,50)
LexToken(SYMBOL,'8',1,52)
LexToken(APOSTROPHE,',',1,55)
LexToken(SYMBOL,'9',1,57)
LexToken(CPARENTHESES,')',1,60)
LexToken(Q,'Q',2,62)
LexToken(COLON,':',2,63)
LexToken(NUM,3,2,65)
LexToken(START,'start',3,67)
LexToken(COLON,':',3,72)
LexToken(NUM,0,3,74)
LexToken(T,'T',4,76)
LexToken(COLON,':',4,77)
LexToken(NUM,1,4,79)
LexToken(DASH,'--',4,81)
LexToken(NUM,0,4,84)
LexToken(EDGES,'edges',5,86)
LexToken(COLON,':',5,91)
LexToken(OPARENTHESES,'(',5,93)
LexToken(NUM,0,5,94)
LexToken(SEMICOLON,';',5,95)
LexToken(NUM,0,5,97)
LexToken(SEMICOLON,';',5,98)
LexToken(SYMBOL,'0',5,100)
LexToken(APOSTROPHE,',',5,103)
LexToken(SYMBOL,'3',5,105)
LexToken(APOSTROPHE,',',5,108)
LexToken(SYMBOL,'6',5,110)
LexToken(APOSTROPHE,',',5,113)
LexToken(SYMBOL,'9',5,115)
LexToken(CPARENTHESES,')',5,118)
LexToken(APOSTROPHE,',',5,119)
LexToken(OPARENTHESES,'(',5,121)
LexToken(NUM,0,5,122)
LexToken(SEMICOLON,';',5,123)
LexToken(NUM,1,5,125)
LexToken(SEMICOLON,';',5,126)
LexToken(SYMBOL,'1',5,128)
LexToken(APOSTROPHE,',',5,131)
LexToken(SYMBOL,'4',5,133)
LexToken(APOSTROPHE,',',5,136)
LexToken(SYMBOL,'7',5,138)
LexToken(CPARENTHESES,')',5,141)
LexToken(APOSTROPHE,',',5,142)
LexToken(OPARENTHESES,'(',5,144)
LexToken(NUM,1,5,145)
LexToken(SEMICOLON,';',5,146)
LexToken(NUM,0,5,148)
LexToken(SEMICOLON,';',5,149)
LexToken(SYMBOL,'2',5,151)
LexToken(APOSTROPHE,',',5,154)
LexToken(SYMBOL,'5',5,156)
LexToken(APOSTROPHE,',',5,159)
LexToken(SYMBOL,'8',5,161)
LexToken(CPARENTHESES,')',5,164)
LexToken(APOSTROPHE,',',5,165)
LexToken(OPARENTHESES,'(',5,167)
LexToken(NUM,1,5,168)
LexToken(SEMICOLON,';',5,169)
LexToken(NUM,1,5,171)
LexToken(SEMICOLON,';',5,172)
LexToken(SYMBOL,'0',5,174)
LexToken(APOSTROPHE,',',5,177)
LexToken(SYMBOL,'3',5,179)
LexToken(APOSTROPHE,',',5,182)
LexToken(SYMBOL,'6',5,184)
LexToken(APOSTROPHE,',',5,187)
LexToken(SYMBOL,'9',5,189)
LexToken(CPARENTHESES,')',5,192)
LexToken(APOSTROPHE,',',5,193)
LexToken(OPARENTHESES,'(',5,195)
LexToken(NUM,1,5,196)
LexToken(SEMICOLON,';',5,197)
LexToken(NUM,2,5,199)
LexToken(SEMICOLON,';',5,200)
LexToken(SYMBOL,'1',5,202)
LexToken(APOSTROPHE,',',5,205)
LexToken(SYMBOL,'4',5,207)
LexToken(APOSTROPHE,',',5,210)
LexToken(SYMBOL,'7',5,212)
LexToken(CPARENTHESES,')',5,215)
LexToken(APOSTROPHE,',',5,216)
LexToken(OPARENTHESES,'(',5,218)
LexToken(NUM,2,5,219)
LexToken(SEMICOLON,';',5,220)
LexToken(NUM,1,5,222)
LexToken(SEMICOLON,';',5,223)
LexToken(SYMBOL,'2',5,225)
LexToken(APOSTROPHE,',',5,228)
LexToken(SYMBOL,'5',5,230)
LexToken(APOSTROPHE,',',5,233)
LexToken(SYMBOL,'8',5,235)
LexToken(CPARENTHESES,')',5,238)
LexToken(APOSTROPHE,',',5,239)
LexToken(OPARENTHESES,'(',5,241)
LexToken(NUM,2,5,242)
LexToken(SEMICOLON,';',5,243)
LexToken(NUM,2,5,245)
LexToken(SEMICOLON,';',5,246)
LexToken(SYMBOL,'0',5,248)
LexToken(APOSTROPHE,',',5,251)
LexToken(SYMBOL,'3',5,253)
LexToken(APOSTROPHE,',',5,256)
LexToken(SYMBOL,'6',5,258)
LexToken(APOSTROPHE,',',5,261)
LexToken(SYMBOL,'9',5,263)
LexToken(CPARENTHESES,')',5,266)
LexToken(APOSTROPHE,',',5,267)
LexToken(OPARENTHESES,'(',5,269)
LexToken(NUM,2,5,270)
LexToken(SEMICOLON,';',5,271)
LexToken(NUM,0,5,273)
LexToken(SEMICOLON,';',5,274)
LexToken(SYMBOL,'1',5,276)
LexToken(APOSTROPHE,',',5,279)
LexToken(SYMBOL,'4',5,281)
LexToken(APOSTROPHE,',',5,284)
LexToken(SYMBOL,'7',5,286)
LexToken(CPARENTHESES,')',5,289)
LexToken(APOSTROPHE,',',5,290)
LexToken(OPARENTHESES,'(',5,292)
LexToken(NUM,0,5,293)
LexToken(SEMICOLON,';',5,294)
LexToken(NUM,2,5,296)
LexToken(SEMICOLON,';',5,297)
LexToken(SYMBOL,'2',5,299)
LexToken(APOSTROPHE,',',5,302)
LexToken(SYMBOL,'5',5,304)
LexToken(APOSTROPHE,',',5,307)
LexToken(SYMBOL,'8',5,309)
LexToken(CPARENTHESES,')',5,312)
