LexToken(ALPHABET,'Alphabet',1,0)
LexToken(COLON,':',1,8)
LexToken(NUM,4,1,10)
LexToken(DASH,'--',1,12)
LexToken(OPARENTHESES,'(',1,15)
LexToken(SYMBOL,'k',1,16)
LexToken(APOSTROPHE,',',1,19)
LexToken(SYMBOL,'--',1,21)
LexToken(APOSTROPHE,',',1,25)
LexToken(SYMBOL,':',1,27)
LexToken(APOSTROPHE,',',1,30)
LexToken(SYMBOL,' ',1,32)
LexToken(CPARENTHESES,')',1,35)
LexToken(Q,'Q',2,38)
LexToken(COLON,':',2,39)
LexToken(NUM,1,2,41)
LexToken(START,'start',3,43)
LexToken(COLON,':',3,48)
LexToken(NUM,0,3,50)
LexToken(T,'T',4,52)
LexToken(COLON,':',4,53)
LexToken(NUM,1,4,55)
LexToken(DASH,'--',4,57)
LexToken(NUM,0,4,60)
LexToken(EDGES,'edges',5,62)
LexToken(COLON,':',5,67)
LexToken(OPARENTHESES,'(',5,69)
LexToken(NUM,0,5,70)
LexToken(SEMICOLON,';',5,71)
LexToken(NUM,0,5,73)
LexToken(SEMICOLON,';',5,74)
LexToken(SYMBOL,'k',5,76)
LexToken(APOSTROPHE,',',5,79)
LexToken(SYMBOL,'--',5,81)
LexToken(APOSTROPHE,',',5,85)
LexToken(SYMBOL,':',5,87)
LexToken(APOSTROPHE,',',5,90)
LexToken(SYMBOL,' ',5,92)
LexToken(CPARENTHESES,')',5,95)
