1:3: не найден файл "}"!
2:15: ожидался пробел между литералами!
3:9: вместо " " найдено"|"!
4:4: вместо "-" найдено"-"!
4:5: вместо "-" найдено">"!
4:7: вместо "]" найдено"1"!
4:8: вместо "]" найдено" "!
4:9: вместо "]" найдено"|"!
4: не удалось создать вершину, ввод некорректен!
5:2: ожидался номер вершины, но получен символ "]"!
5: не удалось создать вершину, ввод некорректен!
6: как минимум одной вершины из заданных не существует в автомате!
7: как минимум одной вершины из заданных не существует в автомате!
8:1: ожидался номер вершины, но получен символ " "!
У автомата есть начальное состояние!
У автомата единственное начальное состояние!
У автомата отсутствуют терминальные состояния!
У автомата все состояния уникальны!
У автомата все символы алфавита уникальны!
Конечный автомат детерминирован!
Конечный автомат не полон!
Язык состоит из следующих символов:
\\# 12 123 123\\# 
В данном автомате, есть вершины с следующими номерами:
1 
